NewsAppV3 copy/app/build/intermediates/manifest_merge_blame_file/debug/manifest-merger-blame-debug-report.txt
1<?xml version="1.0" encoding="utf-8"?>
2<manifest xmlns:android="http://schemas.android.com/apk/res/android"
3    package="com.example.newsappv3"
4    android:versionCode="1"
5    android:versionName="1.0" >
6
7    <uses-sdk
8        android:minSdkVersion="21"
8-->src/main/AndroidManifest.xml
9        android:targetSdkVersion="29" />
9-->src/main/AndroidManifest.xml
10
11    <uses-permission android:name="android.permission.INTERNET" />
11-->src/main/AndroidManifest.xml:5:5-67
11-->src/main/AndroidManifest.xml:5:22-64
12    <uses-permission android:name="android.permission.ACCESS_NETWORK_STATE" />
12-->src/main/AndroidManifest.xml:6:5-79
12-->src/main/AndroidManifest.xml:6:22-76
13
14    <application
14-->src/main/AndroidManifest.xml:8:5-30:19
15        android:allowBackup="true"
15-->src/main/AndroidManifest.xml:9:9-35
16        android:appComponentFactory="androidx.core.app.CoreComponentFactory"
16-->[androidx.core:core:1.1.0] AndroidManifest.xml:24:18-86
17        android:debuggable="true"
18        android:icon="@mipmap/ic_launcher"
18-->src/main/AndroidManifest.xml:10:9-43
19        android:label="@string/app_name"
19-->src/main/AndroidManifest.xml:11:9-41
20        android:roundIcon="@mipmap/ic_launcher_round"
20-->src/main/AndroidManifest.xml:12:9-54
21        android:supportsRtl="true"
21-->src/main/AndroidManifest.xml:13:9-35
22        android:theme="@style/Theme.AppCompat.Light.NoActionBar" >
22-->src/main/AndroidManifest.xml:14:9-65
23        <activity android:name="com.example.newsappv3.SearchArticlePreview" />
23-->src/main/AndroidManifest.xml:16:9-67
23-->src/main/AndroidManifest.xml:16:19-55
24        <!-- this is declared as a child activity so that the user may return to main activity using the up action -->
25        <activity
25-->src/main/AndroidManifest.xml:18:9-20:15
26            android:name="com.example.newsappv3.DisplayFullArticle"
26-->src/main/AndroidManifest.xml:18:19-53
27            android:parentActivityName="com.example.newsappv3.MainActivity" />
27-->src/main/AndroidManifest.xml:19:19-82
28        <activity android:name="com.example.newsappv3.Save" />
28-->src/main/AndroidManifest.xml:21:9-42
28-->src/main/AndroidManifest.xml:21:19-39
29        <activity android:name="com.example.newsappv3.Search" />
29-->src/main/AndroidManifest.xml:22:9-44
29-->src/main/AndroidManifest.xml:22:19-41
30        <activity android:name="com.example.newsappv3.MainActivity" >
30-->src/main/AndroidManifest.xml:23:9-29:20
30-->src/main/AndroidManifest.xml:23:19-47
31            <intent-filter>
31-->src/main/AndroidManifest.xml:24:13-28:29
32                <action android:name="android.intent.action.MAIN" />
32-->src/main/AndroidManifest.xml:25:17-69
32-->src/main/AndroidManifest.xml:25:25-66
33
34                <category android:name="android.intent.category.LAUNCHER" />
34-->src/main/AndroidManifest.xml:27:17-77
34-->src/main/AndroidManifest.xml:27:27-74
35            </intent-filter>
36        </activity>
37
38        <provider
38-->[com.squareup.picasso:picasso:2.71828] AndroidManifest.xml:8:9-11:40
39            android:name="com.squareup.picasso.PicassoProvider"
39-->[com.squareup.picasso:picasso:2.71828] AndroidManifest.xml:9:13-64
40            android:authorities="com.example.newsappv3.com.squareup.picasso"
40-->[com.squareup.picasso:picasso:2.71828] AndroidManifest.xml:10:13-72
41            android:exported="false" />
41-->[com.squareup.picasso:picasso:2.71828] AndroidManifest.xml:11:13-37
42
43        <service
43-->[androidx.room:room-runtime:2.2.2] AndroidManifest.xml:25:9-27:40
44            android:name="androidx.room.MultiInstanceInvalidationService"
44-->[androidx.room:room-runtime:2.2.2] AndroidManifest.xml:26:13-74
45            android:exported="false" />
45-->[androidx.room:room-runtime:2.2.2] AndroidManifest.xml:27:13-37
46    </application>
47
48</manifest>